<?xml version="1.0" encoding="UTF-8"?>
<!-- Generated by org.testng.reporters.JUnitReportReporter -->
<testsuite hostname="ANCHAL" failures="0" tests="1" name="tataHealth_Smoke_Integreation_System_Test.HMS_Smoke_IT_Test" time="28.165" errors="0" timestamp="2025-04-03T12:57:20 IST" skipped="0">
  <testcase classname="tataHealth_Smoke_Integreation_System_Test.HMS_Smoke_IT_Test" name="VerifyContactUsQuery_Test" time="28.165"/>
  <system-out/>
</testsuite> <!-- tataHealth_Smoke_Integreation_System_Test.HMS_Smoke_IT_Test -->
