<?xml version="1.0" encoding="UTF-8"?>
<!-- Generated by org.testng.reporters.JUnitReportReporter -->
<testsuite hostname="ANCHAL" failures="0" tests="1" name="tataHealth_Smoke_Integreation_System_Test.TH_Smoke_IT_Test" time="1.042" errors="0" timestamp="2025-04-03T17:26:24 IST" skipped="0">
  <testcase classname="tataHealth_Smoke_Integreation_System_Test.TH_Smoke_IT_Test" name="LoginToAdminPanel_Test" time="1.042"/>
  <system-out/>
</testsuite> <!-- tataHealth_Smoke_Integreation_System_Test.TH_Smoke_IT_Test -->
