<?xml version="1.0" encoding="UTF-8"?>
<!-- Generated by org.testng.reporters.JUnitReportReporter -->
<testsuite hostname="ANCHAL" failures="0" tests="1" name="tataHealth_Smoke_Integreation_System_Test.AddPatientMedicalHistory_Test" time="11.384" errors="0" timestamp="2025-04-02T15:24:26 IST" skipped="0">
  <testcase classname="tataHealth_Smoke_Integreation_System_Test.AddPatientMedicalHistory_Test" name="addADoctor_Test" time="11.384"/>
  <system-out/>
</testsuite> <!-- tataHealth_Smoke_Integreation_System_Test.AddPatientMedicalHistory_Test -->
