<?xml version="1.0" encoding="UTF-8"?>
<!-- Generated by org.testng.reporters.JUnitReportReporter -->
<testsuite hostname="ANCHAL" failures="0" tests="4" name="tataHealth_Smoke_Integreation_System_Test.TH_Smoke_IT_Test" time="26.927" errors="0" timestamp="2025-04-03T16:23:49 IST" skipped="0">
  <testcase classname="tataHealth_Smoke_Integreation_System_Test.TH_Smoke_IT_Test" name="LoginToAdminPanel_Test" time="1.048"/>
  <system-out/>
  <testcase classname="tataHealth_Smoke_Integreation_System_Test.TH_Smoke_IT_Test" name="RegisterAPatient_Test" time="1.686"/>
  <system-out/>
  <testcase classname="tataHealth_Smoke_Integreation_System_Test.TH_Smoke_IT_Test" name="VerifyDoctorLogin_Test" time="1.297"/>
  <system-out/>
  <testcase classname="tataHealth_Smoke_Integreation_System_Test.TH_Smoke_IT_Test" name="VerifyContactUsQuery_Test" time="22.896"/>
  <system-out/>
</testsuite> <!-- tataHealth_Smoke_Integreation_System_Test.TH_Smoke_IT_Test -->
