<?xml version="1.0" encoding="UTF-8"?>
<!-- Generated by org.testng.reporters.JUnitReportReporter -->
<testsuite hostname="ANCHAL" failures="0" tests="1" name="tataHealth_Smoke_Integreation_System_Test.BookAppointment_AddMediHistory_ST_Test" time="29.330" errors="0" timestamp="2025-04-03T18:11:52 IST" skipped="0">
  <testcase classname="tataHealth_Smoke_Integreation_System_Test.BookAppointment_AddMediHistory_ST_Test" name="BookAnAppointment_ST_Test" time="29.330"/>
  <system-out/>
</testsuite> <!-- tataHealth_Smoke_Integreation_System_Test.BookAppointment_AddMediHistory_ST_Test -->
