<?xml version="1.0" encoding="UTF-8"?>
<!-- Generated by org.testng.reporters.JUnitReportReporter -->
<testsuite hostname="ANCHAL" failures="0" tests="2" name="tataHealth_Smoke_Integreation_System_Test.AddDr_LoginToUPPanel_ST_Test" time="12.908" errors="0" timestamp="2025-04-03T16:23:48 IST" skipped="0">
  <testcase classname="tataHealth_Smoke_Integreation_System_Test.AddDr_LoginToUPPanel_ST_Test" name="addADoctor_Test" time="9.855"/>
  <system-out/>
  <testcase classname="tataHealth_Smoke_Integreation_System_Test.AddDr_LoginToUPPanel_ST_Test" name="LoginToUser_patientPanel_Test" time="3.053"/>
  <system-out/>
</testsuite> <!-- tataHealth_Smoke_Integreation_System_Test.AddDr_LoginToUPPanel_ST_Test -->
