<?xml version="1.0" encoding="UTF-8"?>
<!-- Generated by org.testng.reporters.JUnitReportReporter -->
<testsuite hostname="ANCHAL" failures="0" tests="1" name="tataHealth_Smoke_Integreation_System_Test.BookAnAppointment_ST_Test" time="36.900" errors="0" timestamp="2025-04-03T13:05:58 IST" skipped="0">
  <testcase classname="tataHealth_Smoke_Integreation_System_Test.BookAnAppointment_ST_Test" name="BookAnAppointment_ST_Test" time="36.900"/>
  <system-out/>
</testsuite> <!-- tataHealth_Smoke_Integreation_System_Test.BookAnAppointment_ST_Test -->
