<?xml version="1.0" encoding="UTF-8"?>
<!-- Generated by org.testng.reporters.JUnitReportReporter -->
<testsuite hostname="ANCHAL" failures="0" tests="1" name="tataHealth_Smoke_Integreation_System_Test.HMS_System_Test" time="2.715" errors="0" timestamp="2025-04-02T16:23:54 IST" skipped="0">
  <testcase classname="tataHealth_Smoke_Integreation_System_Test.HMS_System_Test" name="BookAnAppointment_Test" time="2.715"/>
  <system-out/>
</testsuite> <!-- tataHealth_Smoke_Integreation_System_Test.HMS_System_Test -->
