<?xml version="1.0" encoding="UTF-8"?>
<!-- Generated by org.testng.reporters.JUnitXMLReporter -->
<testsuite ignored="0" hostname="ANCHAL" failures="0" tests="2" name="Test-3" time="18.455" errors="0" timestamp="2025-04-03T16:17:26 IST">
  <testcase classname="tataHealth_Smoke_Integreation_System_Test.AddDr_LoginToUPPanel_ST_Test" name="LoginToUser_patientPanel_Test" time="3.969"/>
  <testcase classname="tataHealth_Smoke_Integreation_System_Test.AddDr_LoginToUPPanel_ST_Test" name="addADoctor_Test" time="11.598"/>
</testsuite> <!-- Test-3 -->
